Determining if the pthread_create exist failed with the following output:
Change Dir: /home/yuanzhou/mcfAuction/LEMON/build/CMakeFiles/CMakeTmp

Run Build Command:"/usr/bin/make" "cmTC_10974/fast"
/usr/bin/make -f CMakeFiles/cmTC_10974.dir/build.make CMakeFiles/cmTC_10974.dir/build
make[1]: Entering directory '/home/yuanzhou/mcfAuction/LEMON/build/CMakeFiles/CMakeTmp'
Building C object CMakeFiles/cmTC_10974.dir/CheckSymbolExists.c.o
/usr/bin/cc    -o CMakeFiles/cmTC_10974.dir/CheckSymbolExists.c.o   -c /home/yuanzhou/mcfAuction/LEMON/build/CMakeFiles/CMakeTmp/CheckSymbolExists.c
Linking C executable cmTC_10974
/usr/bin/cmake -E cmake_link_script CMakeFiles/cmTC_10974.dir/link.txt --verbose=1
/usr/bin/cc      -rdynamic CMakeFiles/cmTC_10974.dir/CheckSymbolExists.c.o  -o cmTC_10974 
CMakeFiles/cmTC_10974.dir/CheckSymbolExists.c.o: In function `main':
CheckSymbolExists.c:(.text+0x1b): undefined reference to `pthread_create'
collect2: error: ld returned 1 exit status
CMakeFiles/cmTC_10974.dir/build.make:97: recipe for target 'cmTC_10974' failed
make[1]: *** [cmTC_10974] Error 1
make[1]: Leaving directory '/home/yuanzhou/mcfAuction/LEMON/build/CMakeFiles/CMakeTmp'
Makefile:126: recipe for target 'cmTC_10974/fast' failed
make: *** [cmTC_10974/fast] Error 2

File /home/yuanzhou/mcfAuction/LEMON/build/CMakeFiles/CMakeTmp/CheckSymbolExists.c:
/* */
#include <pthread.h>

int main(int argc, char** argv)
{
  (void)argv;
#ifndef pthread_create
  return ((int*)(&pthread_create))[argc];
#else
  (void)argc;
  return 0;
#endif
}

Determining if the function pthread_create exists in the pthreads failed with the following output:
Change Dir: /home/yuanzhou/mcfAuction/LEMON/build/CMakeFiles/CMakeTmp

Run Build Command:"/usr/bin/make" "cmTC_22771/fast"
/usr/bin/make -f CMakeFiles/cmTC_22771.dir/build.make CMakeFiles/cmTC_22771.dir/build
make[1]: Entering directory '/home/yuanzhou/mcfAuction/LEMON/build/CMakeFiles/CMakeTmp'
Building C object CMakeFiles/cmTC_22771.dir/CheckFunctionExists.c.o
/usr/bin/cc   -DCHECK_FUNCTION_EXISTS=pthread_create   -o CMakeFiles/cmTC_22771.dir/CheckFunctionExists.c.o   -c /usr/share/cmake-3.10/Modules/CheckFunctionExists.c
Linking C executable cmTC_22771
/usr/bin/cmake -E cmake_link_script CMakeFiles/cmTC_22771.dir/link.txt --verbose=1
/usr/bin/cc  -DCHECK_FUNCTION_EXISTS=pthread_create    -rdynamic CMakeFiles/cmTC_22771.dir/CheckFunctionExists.c.o  -o cmTC_22771 -lpthreads 
/usr/bin/ld: cannot find -lpthreads
collect2: error: ld returned 1 exit status
CMakeFiles/cmTC_22771.dir/build.make:97: recipe for target 'cmTC_22771' failed
make[1]: *** [cmTC_22771] Error 1
make[1]: Leaving directory '/home/yuanzhou/mcfAuction/LEMON/build/CMakeFiles/CMakeTmp'
Makefile:126: recipe for target 'cmTC_22771/fast' failed
make: *** [cmTC_22771/fast] Error 2


