Determining if the pthread_create exist failed with the following output:
Change Dir: /home/yuanzhou/mcfAuction/src/gpu/build/CMakeFiles/CMakeTmp

Run Build Command:"/usr/bin/make" "cmTC_3eace/fast"
/usr/bin/make -f CMakeFiles/cmTC_3eace.dir/build.make CMakeFiles/cmTC_3eace.dir/build
make[1]: Entering directory '/home/yuanzhou/mcfAuction/src/gpu/build/CMakeFiles/CMakeTmp'
Building C object CMakeFiles/cmTC_3eace.dir/CheckSymbolExists.c.o
/usr/bin/cc   -fPIC    -o CMakeFiles/cmTC_3eace.dir/CheckSymbolExists.c.o   -c /home/yuanzhou/mcfAuction/src/gpu/build/CMakeFiles/CMakeTmp/CheckSymbolExists.c
Linking C executable cmTC_3eace
/usr/bin/cmake -E cmake_link_script CMakeFiles/cmTC_3eace.dir/link.txt --verbose=1
/usr/bin/cc -fPIC     -rdynamic CMakeFiles/cmTC_3eace.dir/CheckSymbolExists.c.o  -o cmTC_3eace 
CMakeFiles/cmTC_3eace.dir/CheckSymbolExists.c.o: In function `main':
CheckSymbolExists.c:(.text+0x1b): undefined reference to `pthread_create'
collect2: error: ld returned 1 exit status
CMakeFiles/cmTC_3eace.dir/build.make:97: recipe for target 'cmTC_3eace' failed
make[1]: *** [cmTC_3eace] Error 1
make[1]: Leaving directory '/home/yuanzhou/mcfAuction/src/gpu/build/CMakeFiles/CMakeTmp'
Makefile:126: recipe for target 'cmTC_3eace/fast' failed
make: *** [cmTC_3eace/fast] Error 2

File /home/yuanzhou/mcfAuction/src/gpu/build/CMakeFiles/CMakeTmp/CheckSymbolExists.c:
/* */
#include <pthread.h>

int main(int argc, char** argv)
{
  (void)argv;
#ifndef pthread_create
  return ((int*)(&pthread_create))[argc];
#else
  (void)argc;
  return 0;
#endif
}

Determining if the function pthread_create exists in the pthreads failed with the following output:
Change Dir: /home/yuanzhou/mcfAuction/src/gpu/build/CMakeFiles/CMakeTmp

Run Build Command:"/usr/bin/make" "cmTC_49a2f/fast"
/usr/bin/make -f CMakeFiles/cmTC_49a2f.dir/build.make CMakeFiles/cmTC_49a2f.dir/build
make[1]: Entering directory '/home/yuanzhou/mcfAuction/src/gpu/build/CMakeFiles/CMakeTmp'
Building C object CMakeFiles/cmTC_49a2f.dir/CheckFunctionExists.c.o
/usr/bin/cc   -fPIC -DCHECK_FUNCTION_EXISTS=pthread_create   -o CMakeFiles/cmTC_49a2f.dir/CheckFunctionExists.c.o   -c /usr/share/cmake-3.10/Modules/CheckFunctionExists.c
Linking C executable cmTC_49a2f
/usr/bin/cmake -E cmake_link_script CMakeFiles/cmTC_49a2f.dir/link.txt --verbose=1
/usr/bin/cc -fPIC -DCHECK_FUNCTION_EXISTS=pthread_create    -rdynamic CMakeFiles/cmTC_49a2f.dir/CheckFunctionExists.c.o  -o cmTC_49a2f -lpthreads 
/usr/bin/ld: cannot find -lpthreads
collect2: error: ld returned 1 exit status
CMakeFiles/cmTC_49a2f.dir/build.make:97: recipe for target 'cmTC_49a2f' failed
make[1]: *** [cmTC_49a2f] Error 1
make[1]: Leaving directory '/home/yuanzhou/mcfAuction/src/gpu/build/CMakeFiles/CMakeTmp'
Makefile:126: recipe for target 'cmTC_49a2f/fast' failed
make: *** [cmTC_49a2f/fast] Error 2


